<?xml version="1.0" encoding="UTF-8" ?>
<testsuites errors="0"
            failures="1"
            tests="1">

  <testsuite name="homepage"
    errors="0" failures="1" hostname="" id="" package="homepage" skipped="0"
    tests="1" time="1.221" timestamp="">
  
    <testcase name="Demo test Google" classname="homepage" time="1.221" assertions="2">

      <failure message="Testing if element &lt;#main&gt; contains text: &#34;vegitable&#34;. Element could not be located in 1000 ms. - expected [0;32m&#34;vegitable&#34;[0m but got: [0;31m&#34;null&#34;[0m">    at Object.Demo test Google (/Users/timothy.hawkins/Desktop/dev/nightwatch-testing-service/tests/homepage.js:6:15)
    at &lt;anonymous&gt;
    at process._tickCallback (internal/process/next_tick.js:188:7)</failure>

    <failure message="    at Object.Demo test Google (/Users/timothy.hawkins/Desktop/dev/nightwatch-testing-service/tests/homepage.js:6:15)">    at &lt;anonymous&gt;
    at process._tickCallback (internal/process/next_tick.js:188:7)</failure>
    </testcase>
  

  

  
  </testsuite>
</testsuites>
